<?xml version="1.0" ?>
<!DOCTYPE coverage SYSTEM "http://cobertura.sourceforge.net/xml/coverage-04.dtd">
<coverage lines-valid="148" lines-covered="142" line-rate="0.9594" branches-valid="30" branches-covered="18" branch-rate="0.6" timestamp="1777980725942" complexity="0" version="0.1">
  <sources>
    <source>D:\Chat-Application\backend</source>
  </sources>
  <packages>
    <package name="store" line-rate="0.9516" branch-rate="0.5416">
      <classes>
        <class name="authStore.js" filename="app\routes\store\authStore.js" line-rate="0.9516" branch-rate="0.5416">
          <methods>
            <method name="isMissingColumnError" hits="1" signature="()V">
              <lines>
                <line number="4" hits="1"/>
              </lines>
            </method>
            <method name="isMissingTableError" hits="3" signature="()V">
              <lines>
                <line number="8" hits="3"/>
              </lines>
            </method>
            <method name="createUser" hits="3" signature="()V">
              <lines>
                <line number="12" hits="3"/>
              </lines>
            </method>
            <method name="getUserByUsername" hits="4" signature="()V">
              <lines>
                <line number="34" hits="4"/>
              </lines>
            </method>
            <method name="createSession" hits="1" signature="()V">
              <lines>
                <line number="58" hits="1"/>
              </lines>
            </method>
            <method name="getSession" hits="2" signature="()V">
              <lines>
                <line number="73" hits="2"/>
              </lines>
            </method>
            <method name="deleteSession" hits="1" signature="()V">
              <lines>
                <line number="102" hits="1"/>
              </lines>
            </method>
          </methods>
          <lines>
            <line number="1" hits="8" branch="true" condition-coverage="100% (1/1)"/>
            <line number="2" hits="8" branch="false"/>
            <line number="3" hits="8" branch="false"/>
            <line number="4" hits="1" branch="true" condition-coverage="100% (1/1)"/>
            <line number="5" hits="1" branch="true" condition-coverage="0% (0/1)"/>
            <line number="6" hits="1" branch="false"/>
            <line number="7" hits="8" branch="false"/>
            <line number="8" hits="3" branch="true" condition-coverage="100% (1/1)"/>
            <line number="9" hits="3" branch="false"/>
            <line number="10" hits="3" branch="false"/>
            <line number="11" hits="8" branch="false"/>
            <line number="12" hits="3" branch="true" condition-coverage="100% (1/1)"/>
            <line number="13" hits="3" branch="false"/>
            <line number="14" hits="3" branch="true" condition-coverage="100% (1/1)"/>
            <line number="15" hits="2" branch="true" condition-coverage="100% (1/1)"/>
            <line number="16" hits="2" branch="false"/>
            <line number="17" hits="2" branch="false"/>
            <line number="18" hits="2" branch="false"/>
            <line number="19" hits="2" branch="false"/>
            <line number="20" hits="2" branch="false"/>
            <line number="21" hits="1" branch="true" condition-coverage="100% (1/1)"/>
            <line number="22" hits="1" branch="true" condition-coverage="0% (0/1)"/>
            <line number="23" hits="1" branch="false"/>
            <line number="24" hits="1" branch="false"/>
            <line number="25" hits="2" branch="false"/>
            <line number="26" hits="2" branch="false"/>
            <line number="27" hits="2" branch="false"/>
            <line number="28" hits="2" branch="false"/>
            <line number="29" hits="3" branch="true" condition-coverage="0% (0/1)"/>
            <line number="30" hits="3" branch="false"/>
            <line number="31" hits="3" branch="false"/>
            <line number="32" hits="3" branch="false"/>
            <line number="33" hits="8" branch="false"/>
            <line number="34" hits="4" branch="true" condition-coverage="100% (1/1)"/>
            <line number="35" hits="4" branch="false"/>
            <line number="36" hits="4" branch="false"/>
            <line number="37" hits="4" branch="false"/>
            <line number="38" hits="4" branch="false"/>
            <line number="39" hits="4" branch="false"/>
            <line number="40" hits="4" branch="false"/>
            <line number="41" hits="4" branch="true" condition-coverage="0% (0/1)"/>
            <line number="42" hits="0" branch="false"/>
            <line number="43" hits="0" branch="false"/>
            <line number="44" hits="0" branch="false"/>
            <line number="45" hits="0" branch="false"/>
            <line number="46" hits="0" branch="false"/>
            <line number="47" hits="0" branch="false"/>
            <line number="48" hits="4" branch="true" condition-coverage="100% (1/1)"/>
            <line number="49" hits="2" branch="false"/>
            <line number="50" hits="2" branch="false"/>
            <line number="51" hits="2" branch="false"/>
            <line number="52" hits="4" branch="true" condition-coverage="0% (0/1)"/>
            <line number="53" hits="4" branch="false"/>
            <line number="54" hits="4" branch="false"/>
            <line number="55" hits="4" branch="false"/>
            <line number="56" hits="4" branch="false"/>
            <line number="57" hits="8" branch="false"/>
            <line number="58" hits="1" branch="true" condition-coverage="100% (1/1)"/>
            <line number="59" hits="1" branch="false"/>
            <line number="60" hits="1" branch="false"/>
            <line number="61" hits="1" branch="false"/>
            <line number="62" hits="1" branch="true" condition-coverage="0% (0/1)"/>
            <line number="63" hits="1" branch="true" condition-coverage="0% (0/1)"/>
            <line number="64" hits="1" branch="false"/>
            <line number="65" hits="1" branch="false"/>
            <line number="66" hits="1" branch="false"/>
            <line number="67" hits="1" branch="false"/>
            <line number="68" hits="1" branch="false"/>
            <line number="69" hits="1" branch="false"/>
            <line number="70" hits="1" branch="false"/>
            <line number="71" hits="1" branch="false"/>
            <line number="72" hits="8" branch="false"/>
            <line number="73" hits="2" branch="true" condition-coverage="100% (1/1)"/>
            <line number="74" hits="2" branch="false"/>
            <line number="75" hits="2" branch="false"/>
            <line number="76" hits="2" branch="false"/>
            <line number="77" hits="2" branch="false"/>
            <line number="78" hits="2" branch="false"/>
            <line number="79" hits="2" branch="false"/>
            <line number="80" hits="2" branch="false"/>
            <line number="81" hits="2" branch="false"/>
            <line number="82" hits="2" branch="false"/>
            <line number="83" hits="2" branch="false"/>
            <line number="84" hits="2" branch="false"/>
            <line number="85" hits="1" branch="true" condition-coverage="100% (1/1)"/>
            <line number="86" hits="1" branch="true" condition-coverage="0% (0/1)"/>
            <line number="87" hits="1" branch="false"/>
            <line number="88" hits="1" branch="false"/>
            <line number="89" hits="1" branch="false"/>
            <line number="90" hits="1" branch="false"/>
            <line number="91" hits="1" branch="false"/>
            <line number="92" hits="1" branch="false"/>
            <line number="93" hits="1" branch="false"/>
            <line number="94" hits="1" branch="false"/>
            <line number="95" hits="1" branch="false"/>
            <line number="96" hits="1" branch="false"/>
            <line number="97" hits="1" branch="false"/>
            <line number="98" hits="2" branch="true" condition-coverage="0% (0/1)"/>
            <line number="99" hits="2" branch="false"/>
            <line number="100" hits="2" branch="false"/>
            <line number="101" hits="8" branch="false"/>
            <line number="102" hits="1" branch="true" condition-coverage="100% (1/1)"/>
            <line number="103" hits="1" branch="false"/>
            <line number="104" hits="1" branch="false"/>
            <line number="105" hits="1" branch="true" condition-coverage="0% (0/1)"/>
            <line number="106" hits="1" branch="true" condition-coverage="0% (0/1)"/>
            <line number="107" hits="1" branch="false"/>
            <line number="108" hits="1" branch="false"/>
            <line number="109" hits="1" branch="false"/>
            <line number="110" hits="1" branch="false"/>
            <line number="111" hits="1" branch="false"/>
            <line number="112" hits="1" branch="false"/>
            <line number="113" hits="1" branch="false"/>
            <line number="114" hits="1" branch="false"/>
            <line number="115" hits="1" branch="false"/>
            <line number="116" hits="1" branch="false"/>
            <line number="117" hits="8" branch="false"/>
            <line number="118" hits="8" branch="false"/>
            <line number="119" hits="8" branch="false"/>
            <line number="120" hits="8" branch="false"/>
            <line number="121" hits="8" branch="false"/>
            <line number="122" hits="8" branch="false"/>
            <line number="123" hits="8" branch="false"/>
            <line number="124" hits="8" branch="false"/>
          </lines>
        </class>
      </classes>
    </package>
    <package name="utils" line-rate="1" branch-rate="0.8332999999999999">
      <classes>
        <class name="responseUtils.js" filename="app\routes\utils\responseUtils.js" line-rate="1" branch-rate="0.8332999999999999">
          <methods>
            <method name="sendApiJson" hits="1" signature="()V">
              <lines>
                <line number="1" hits="1"/>
              </lines>
            </method>
            <method name="createApiError" hits="2" signature="()V">
              <lines>
                <line number="5" hits="2"/>
              </lines>
            </method>
            <method name="parseApiBody" hits="2" signature="()V">
              <lines>
                <line number="12" hits="2"/>
              </lines>
            </method>
          </methods>
          <lines>
            <line number="1" hits="1" branch="true" condition-coverage="100% (2/2)"/>
            <line number="2" hits="1" branch="false"/>
            <line number="3" hits="1" branch="false"/>
            <line number="4" hits="1" branch="false"/>
            <line number="5" hits="2" branch="true" condition-coverage="100% (1/1)"/>
            <line number="6" hits="2" branch="false"/>
            <line number="7" hits="2" branch="false"/>
            <line number="8" hits="2" branch="false"/>
            <line number="9" hits="2" branch="false"/>
            <line number="10" hits="2" branch="false"/>
            <line number="11" hits="1" branch="false"/>
            <line number="12" hits="2" branch="true" condition-coverage="100% (1/1)"/>
            <line number="13" hits="2" branch="false"/>
            <line number="14" hits="2" branch="false"/>
            <line number="15" hits="2" branch="true" condition-coverage="100% (1/1)"/>
            <line number="16" hits="1" branch="true" condition-coverage="0% (0/1)"/>
            <line number="17" hits="1" branch="false"/>
            <line number="18" hits="2" branch="false"/>
            <line number="19" hits="1" branch="false"/>
            <line number="20" hits="1" branch="false"/>
            <line number="21" hits="1" branch="false"/>
            <line number="22" hits="1" branch="false"/>
            <line number="23" hits="1" branch="false"/>
            <line number="24" hits="1" branch="false"/>
          </lines>
        </class>
      </classes>
    </package>
  </packages>
</coverage>
