TN:
SF:app\routes\store\authStore.js
FN:4,isMissingColumnError
FN:8,isMissingTableError
FN:12,createUser
FN:34,getUserByUsername
FN:58,createSession
FN:73,getSession
FN:102,deleteSession
FNF:7
FNH:7
FNDA:1,isMissingColumnError
FNDA:3,isMissingTableError
FNDA:3,createUser
FNDA:4,getUserByUsername
FNDA:1,createSession
FNDA:2,getSession
FNDA:1,deleteSession
DA:1,8
DA:2,8
DA:3,8
DA:4,1
DA:5,1
DA:6,1
DA:7,8
DA:8,3
DA:9,3
DA:10,3
DA:11,8
DA:12,3
DA:13,3
DA:14,3
DA:15,2
DA:16,2
DA:17,2
DA:18,2
DA:19,2
DA:20,2
DA:21,1
DA:22,1
DA:23,1
DA:24,1
DA:25,2
DA:26,2
DA:27,2
DA:28,2
DA:29,3
DA:30,3
DA:31,3
DA:32,3
DA:33,8
DA:34,4
DA:35,4
DA:36,4
DA:37,4
DA:38,4
DA:39,4
DA:40,4
DA:41,4
DA:42,0
DA:43,0
DA:44,0
DA:45,0
DA:46,0
DA:47,0
DA:48,4
DA:49,2
DA:50,2
DA:51,2
DA:52,4
DA:53,4
DA:54,4
DA:55,4
DA:56,4
DA:57,8
DA:58,1
DA:59,1
DA:60,1
DA:61,1
DA:62,1
DA:63,1
DA:64,1
DA:65,1
DA:66,1
DA:67,1
DA:68,1
DA:69,1
DA:70,1
DA:71,1
DA:72,8
DA:73,2
DA:74,2
DA:75,2
DA:76,2
DA:77,2
DA:78,2
DA:79,2
DA:80,2
DA:81,2
DA:82,2
DA:83,2
DA:84,2
DA:85,1
DA:86,1
DA:87,1
DA:88,1
DA:89,1
DA:90,1
DA:91,1
DA:92,1
DA:93,1
DA:94,1
DA:95,1
DA:96,1
DA:97,1
DA:98,2
DA:99,2
DA:100,2
DA:101,8
DA:102,1
DA:103,1
DA:104,1
DA:105,1
DA:106,1
DA:107,1
DA:108,1
DA:109,1
DA:110,1
DA:111,1
DA:112,1
DA:113,1
DA:114,1
DA:115,1
DA:116,1
DA:117,8
DA:118,8
DA:119,8
DA:120,8
DA:121,8
DA:122,8
DA:123,8
DA:124,8
LF:124
LH:118
BRDA:1,0,0,8
BRDA:4,1,0,1
BRDA:5,2,0,0
BRDA:8,3,0,3
BRDA:12,4,0,3
BRDA:14,5,0,1
BRDA:15,6,0,2
BRDA:21,7,0,1
BRDA:22,8,0,0
BRDA:29,9,0,0
BRDA:34,10,0,4
BRDA:41,11,0,0
BRDA:48,12,0,2
BRDA:52,13,0,0
BRDA:58,14,0,1
BRDA:62,15,0,0
BRDA:63,16,0,0
BRDA:73,17,0,2
BRDA:85,18,0,1
BRDA:86,19,0,0
BRDA:98,20,0,0
BRDA:102,21,0,1
BRDA:105,22,0,0
BRDA:106,23,0,0
BRF:24
BRH:13
end_of_record
TN:
SF:app\routes\utils\responseUtils.js
FN:1,sendApiJson
FN:5,createApiError
FN:12,parseApiBody
FNF:3
FNH:3
FNDA:1,sendApiJson
FNDA:2,createApiError
FNDA:2,parseApiBody
DA:1,1
DA:2,1
DA:3,1
DA:4,1
DA:5,2
DA:6,2
DA:7,2
DA:8,2
DA:9,2
DA:10,2
DA:11,1
DA:12,2
DA:13,2
DA:14,2
DA:15,2
DA:16,1
DA:17,1
DA:18,2
DA:19,1
DA:20,1
DA:21,1
DA:22,1
DA:23,1
DA:24,1
LF:24
LH:24
BRDA:1,0,0,1
BRDA:1,1,0,1
BRDA:5,2,0,2
BRDA:12,3,0,2
BRDA:15,4,0,1
BRDA:16,5,0,0
BRF:6
BRH:5
end_of_record
